2018-05-02 09:16:32.306 [restartedMain] INFO  com.alex.BlogApplication - Starting BlogApplication on PV-1 with PID 4792 (C:\Users\iside\Desktop\Blog\Blog\blog-before\target\classes started by Administrator in C:\Users\iside\Desktop\Blog\Blog)
2018-05-02 09:16:32.306 [restartedMain] INFO  com.alex.BlogApplication - No active profile set, falling back to default profiles: default
2018-05-02 09:16:32.337 [restartedMain] INFO  o.s.b.w.s.c.AnnotationConfigServletWebServerApplicationContext - Refreshing org.springframework.boot.web.servlet.context.AnnotationConfigServletWebServerApplicationContext@779e8522: startup date [Wed May 02 09:16:32 CST 2018]; root of context hierarchy
2018-05-02 09:16:33.105 [restartedMain] INFO  o.s.d.r.config.RepositoryConfigurationDelegate - Multiple Spring Data modules found, entering strict repository configuration mode!
2018-05-02 09:16:33.433 [restartedMain] INFO  o.s.c.s.PostProcessorRegistrationDelegate$BeanPostProcessorChecker - Bean 'org.springframework.transaction.annotation.ProxyTransactionManagementConfiguration' of type [org.springframework.transaction.annotation.ProxyTransactionManagementConfiguration$$EnhancerBySpringCGLIB$$125bffe7] is not eligible for getting processed by all BeanPostProcessors (for example: not eligible for auto-proxying)
2018-05-02 09:16:33.764 [restartedMain] INFO  o.s.boot.web.embedded.tomcat.TomcatWebServer - Tomcat initialized with port(s): 9889 (http)
2018-05-02 09:16:33.764 [restartedMain] INFO  org.apache.coyote.http11.Http11NioProtocol - Initializing ProtocolHandler ["http-nio-9889"]
2018-05-02 09:16:33.780 [restartedMain] INFO  org.apache.catalina.core.StandardService - Starting service [Tomcat]
2018-05-02 09:16:33.780 [restartedMain] INFO  org.apache.catalina.core.StandardEngine - Starting Servlet Engine: Apache Tomcat/8.5.28
2018-05-02 09:16:33.780 [localhost-startStop-1] INFO  org.apache.catalina.core.AprLifecycleListener - The APR based Apache Tomcat Native library which allows optimal performance in production environments was not found on the java.library.path: [C:\develop\Java\jdk1.8.0_144\bin;C:\windows\Sun\Java\bin;C:\windows\system32;C:\windows;C:\develop\mysql-5.6.39-winx64\bin;C:\develop\apache-maven-3.5.2\bin;C:\develop\Java\jdk1.8.0_144\bin;C:\ProgramData\Oracle\Java\javapath;C:\windows\system32;C:\windows;C:\windows\System32\Wbem;C:\windows\System32\WindowsPowerShell\v1.0\;d:\Git\cmd;C:\Program Files\nodejs\;C:\Users\Administrator\AppData\Local\Microsoft\WindowsApps;C:\Fiddler;C:\Users\Administrator\AppData\Roaming\npm;.]
2018-05-02 09:16:33.842 [localhost-startStop-1] INFO  o.a.c.core.ContainerBase.[Tomcat].[localhost].[/] - Initializing Spring embedded WebApplicationContext
2018-05-02 09:16:33.842 [localhost-startStop-1] INFO  org.springframework.web.context.ContextLoader - Root WebApplicationContext: initialization completed in 1505 ms
2018-05-02 09:16:33.936 [localhost-startStop-1] INFO  o.s.boot.web.servlet.ServletRegistrationBean - Servlet dispatcherServlet mapped to [/]
2018-05-02 09:16:33.936 [localhost-startStop-1] INFO  o.s.boot.web.servlet.FilterRegistrationBean - Mapping filter: 'characterEncodingFilter' to: [/*]
2018-05-02 09:16:33.936 [localhost-startStop-1] INFO  o.s.boot.web.servlet.FilterRegistrationBean - Mapping filter: 'hiddenHttpMethodFilter' to: [/*]
2018-05-02 09:16:33.936 [localhost-startStop-1] INFO  o.s.boot.web.servlet.FilterRegistrationBean - Mapping filter: 'httpPutFormContentFilter' to: [/*]
2018-05-02 09:16:33.936 [localhost-startStop-1] INFO  o.s.boot.web.servlet.FilterRegistrationBean - Mapping filter: 'requestContextFilter' to: [/*]
2018-05-02 09:16:34.795 [restartedMain] INFO  o.s.w.s.m.m.a.RequestMappingHandlerAdapter - Looking for @ControllerAdvice: org.springframework.boot.web.servlet.context.AnnotationConfigServletWebServerApplicationContext@779e8522: startup date [Wed May 02 09:16:32 CST 2018]; root of context hierarchy
2018-05-02 09:16:34.858 [restartedMain] INFO  o.s.w.s.m.m.a.RequestMappingHandlerMapping - Mapped "{[/article/addArticle],methods=[POST]}" onto public java.lang.String com.alex.controller.ArticleController.addArticle(com.alex.entity.vo.ArticleVO,javax.servlet.http.HttpServletRequest)
2018-05-02 09:16:34.858 [restartedMain] INFO  o.s.w.s.m.m.a.RequestMappingHandlerMapping - Mapped "{[/detail],methods=[GET]}" onto public org.springframework.web.servlet.ModelAndView com.alex.controller.IndexController.getDetail()
2018-05-02 09:16:34.858 [restartedMain] INFO  o.s.w.s.m.m.a.RequestMappingHandlerMapping - Mapped "{[/home],methods=[GET]}" onto public com.alex.entity.vo.ResultVO<java.util.List<com.alex.entity.vo.ArticleVO>> com.alex.controller.IndexController.getHomeHtml(org.springframework.ui.Model,javax.servlet.http.HttpServletRequest,java.lang.Integer)
2018-05-02 09:16:34.858 [restartedMain] INFO  o.s.w.s.m.m.a.RequestMappingHandlerMapping - Mapped "{[/home2],methods=[GET]}" onto public java.lang.String com.alex.controller.IndexController.getHomeHtml2()
2018-05-02 09:16:34.858 [restartedMain] INFO  o.s.w.s.m.m.a.RequestMappingHandlerMapping - Mapped "{[/editArticle],methods=[GET]}" onto public java.lang.String com.alex.controller.IndexController.editArticle()
2018-05-02 09:16:34.858 [restartedMain] INFO  o.s.w.s.m.m.a.RequestMappingHandlerMapping - Mapped "{[/user/index],methods=[GET]}" onto public java.lang.String com.alex.controller.LoginController.getLogin()
2018-05-02 09:16:34.858 [restartedMain] INFO  o.s.w.s.m.m.a.RequestMappingHandlerMapping - Mapped "{[/user/login],methods=[POST]}" onto public java.lang.String com.alex.controller.LoginController.login(com.alex.entity.User,javax.servlet.http.HttpServletRequest)
2018-05-02 09:16:34.858 [restartedMain] INFO  o.s.w.s.m.m.a.RequestMappingHandlerMapping - Mapped "{[/error]}" onto public org.springframework.http.ResponseEntity<java.util.Map<java.lang.String, java.lang.Object>> org.springframework.boot.autoconfigure.web.servlet.error.BasicErrorController.error(javax.servlet.http.HttpServletRequest)
2018-05-02 09:16:34.858 [restartedMain] INFO  o.s.w.s.m.m.a.RequestMappingHandlerMapping - Mapped "{[/error],produces=[text/html]}" onto public org.springframework.web.servlet.ModelAndView org.springframework.boot.autoconfigure.web.servlet.error.BasicErrorController.errorHtml(javax.servlet.http.HttpServletRequest,javax.servlet.http.HttpServletResponse)
2018-05-02 09:16:34.889 [restartedMain] INFO  o.s.web.servlet.handler.SimpleUrlHandlerMapping - Mapped URL path [/webjars/**] onto handler of type [class org.springframework.web.servlet.resource.ResourceHttpRequestHandler]
2018-05-02 09:16:34.889 [restartedMain] INFO  o.s.web.servlet.handler.SimpleUrlHandlerMapping - Mapped URL path [/**] onto handler of type [class org.springframework.web.servlet.resource.ResourceHttpRequestHandler]
2018-05-02 09:16:34.920 [restartedMain] INFO  o.s.web.servlet.handler.SimpleUrlHandlerMapping - Mapped URL path [/**/favicon.ico] onto handler of type [class org.springframework.web.servlet.resource.ResourceHttpRequestHandler]
2018-05-02 09:16:34.952 [restartedMain] WARN  org.thymeleaf.templatemode.TemplateMode - [THYMELEAF][restartedMain] Template Mode 'HTML5' is deprecated. Using Template Mode 'HTML' instead.
2018-05-02 09:16:35.405 [restartedMain] INFO  o.s.b.d.autoconfigure.OptionalLiveReloadServer - LiveReload server is running on port 35729
2018-05-02 09:16:35.452 [restartedMain] INFO  o.s.jmx.export.annotation.AnnotationMBeanExporter - Registering beans for JMX exposure on startup
2018-05-02 09:16:35.452 [restartedMain] INFO  o.s.jmx.export.annotation.AnnotationMBeanExporter - Bean with name 'dataSource' has been autodetected for JMX exposure
2018-05-02 09:16:35.467 [restartedMain] INFO  o.s.jmx.export.annotation.AnnotationMBeanExporter - Located MBean 'dataSource': registering with JMX server as MBean [com.alibaba.druid.pool:name=dataSource,type=DruidDataSource]
2018-05-02 09:16:35.467 [restartedMain] INFO  org.apache.coyote.http11.Http11NioProtocol - Starting ProtocolHandler ["http-nio-9889"]
2018-05-02 09:16:35.483 [restartedMain] INFO  org.apache.tomcat.util.net.NioSelectorPool - Using a shared selector for servlet write/read
2018-05-02 09:16:35.483 [restartedMain] INFO  o.s.boot.web.embedded.tomcat.TomcatWebServer - Tomcat started on port(s): 9889 (http) with context path ''
2018-05-02 09:16:35.499 [restartedMain] INFO  com.alex.BlogApplication - Started BlogApplication in 3.458 seconds (JVM running for 4.68)
2018-05-02 09:16:40.567 [http-nio-9889-exec-1] INFO  o.a.c.core.ContainerBase.[Tomcat].[localhost].[/] - Initializing Spring FrameworkServlet 'dispatcherServlet'
2018-05-02 09:16:40.567 [http-nio-9889-exec-1] INFO  org.springframework.web.servlet.DispatcherServlet - FrameworkServlet 'dispatcherServlet': initialization started
2018-05-02 09:16:40.582 [http-nio-9889-exec-1] INFO  org.springframework.web.servlet.DispatcherServlet - FrameworkServlet 'dispatcherServlet': initialization completed in 15 ms
2018-05-02 09:16:44.182 [http-nio-9889-exec-6] INFO  com.alibaba.druid.pool.DruidDataSource - {dataSource-1} inited
2018-05-02 09:18:44.875 [restartedMain] INFO  com.alex.BlogApplication - Starting BlogApplication on PV-1 with PID 2300 (C:\Users\iside\Desktop\Blog\Blog\blog-before\target\classes started by Administrator in C:\Users\iside\Desktop\Blog\Blog)
2018-05-02 09:18:44.877 [restartedMain] INFO  com.alex.BlogApplication - No active profile set, falling back to default profiles: default
2018-05-02 09:18:44.916 [restartedMain] INFO  o.s.b.w.s.c.AnnotationConfigServletWebServerApplicationContext - Refreshing org.springframework.boot.web.servlet.context.AnnotationConfigServletWebServerApplicationContext@210fe49c: startup date [Wed May 02 09:18:44 CST 2018]; root of context hierarchy
2018-05-02 09:18:45.549 [restartedMain] INFO  o.s.d.r.config.RepositoryConfigurationDelegate - Multiple Spring Data modules found, entering strict repository configuration mode!
2018-05-02 09:18:45.886 [restartedMain] INFO  o.s.c.s.PostProcessorRegistrationDelegate$BeanPostProcessorChecker - Bean 'org.springframework.transaction.annotation.ProxyTransactionManagementConfiguration' of type [org.springframework.transaction.annotation.ProxyTransactionManagementConfiguration$$EnhancerBySpringCGLIB$$fb202640] is not eligible for getting processed by all BeanPostProcessors (for example: not eligible for auto-proxying)
2018-05-02 09:18:46.182 [restartedMain] INFO  o.s.boot.web.embedded.tomcat.TomcatWebServer - Tomcat initialized with port(s): 9889 (http)
2018-05-02 09:18:46.193 [restartedMain] INFO  org.apache.coyote.http11.Http11NioProtocol - Initializing ProtocolHandler ["http-nio-9889"]
2018-05-02 09:18:46.201 [restartedMain] INFO  org.apache.catalina.core.StandardService - Starting service [Tomcat]
2018-05-02 09:18:46.202 [restartedMain] INFO  org.apache.catalina.core.StandardEngine - Starting Servlet Engine: Apache Tomcat/8.5.28
2018-05-02 09:18:46.206 [localhost-startStop-1] INFO  org.apache.catalina.core.AprLifecycleListener - The APR based Apache Tomcat Native library which allows optimal performance in production environments was not found on the java.library.path: [C:\develop\Java\jdk1.8.0_144\bin;C:\windows\Sun\Java\bin;C:\windows\system32;C:\windows;C:\develop\mysql-5.6.39-winx64\bin;C:\develop\apache-maven-3.5.2\bin;C:\develop\Java\jdk1.8.0_144\bin;C:\ProgramData\Oracle\Java\javapath;C:\windows\system32;C:\windows;C:\windows\System32\Wbem;C:\windows\System32\WindowsPowerShell\v1.0\;d:\Git\cmd;C:\Program Files\nodejs\;C:\Users\Administrator\AppData\Local\Microsoft\WindowsApps;C:\Fiddler;C:\Users\Administrator\AppData\Roaming\npm;.]
2018-05-02 09:18:46.278 [localhost-startStop-1] INFO  o.a.c.core.ContainerBase.[Tomcat].[localhost].[/] - Initializing Spring embedded WebApplicationContext
2018-05-02 09:18:46.278 [localhost-startStop-1] INFO  org.springframework.web.context.ContextLoader - Root WebApplicationContext: initialization completed in 1362 ms
2018-05-02 09:18:46.381 [localhost-startStop-1] INFO  o.s.boot.web.servlet.ServletRegistrationBean - Servlet dispatcherServlet mapped to [/]
2018-05-02 09:18:46.385 [localhost-startStop-1] INFO  o.s.boot.web.servlet.FilterRegistrationBean - Mapping filter: 'characterEncodingFilter' to: [/*]
2018-05-02 09:18:46.385 [localhost-startStop-1] INFO  o.s.boot.web.servlet.FilterRegistrationBean - Mapping filter: 'hiddenHttpMethodFilter' to: [/*]
2018-05-02 09:18:46.386 [localhost-startStop-1] INFO  o.s.boot.web.servlet.FilterRegistrationBean - Mapping filter: 'httpPutFormContentFilter' to: [/*]
2018-05-02 09:18:46.386 [localhost-startStop-1] INFO  o.s.boot.web.servlet.FilterRegistrationBean - Mapping filter: 'requestContextFilter' to: [/*]
2018-05-02 09:18:47.213 [restartedMain] INFO  o.s.w.s.m.m.a.RequestMappingHandlerAdapter - Looking for @ControllerAdvice: org.springframework.boot.web.servlet.context.AnnotationConfigServletWebServerApplicationContext@210fe49c: startup date [Wed May 02 09:18:44 CST 2018]; root of context hierarchy
2018-05-02 09:18:47.263 [restartedMain] INFO  o.s.w.s.m.m.a.RequestMappingHandlerMapping - Mapped "{[/article/addArticle],methods=[POST]}" onto public java.lang.String com.alex.controller.ArticleController.addArticle(com.alex.entity.vo.ArticleVO,javax.servlet.http.HttpServletRequest)
2018-05-02 09:18:47.266 [restartedMain] INFO  o.s.w.s.m.m.a.RequestMappingHandlerMapping - Mapped "{[/home2],methods=[GET]}" onto public java.lang.String com.alex.controller.IndexController.getHomeHtml2()
2018-05-02 09:18:47.267 [restartedMain] INFO  o.s.w.s.m.m.a.RequestMappingHandlerMapping - Mapped "{[/detail],methods=[GET]}" onto public org.springframework.web.servlet.ModelAndView com.alex.controller.IndexController.getDetail()
2018-05-02 09:18:47.267 [restartedMain] INFO  o.s.w.s.m.m.a.RequestMappingHandlerMapping - Mapped "{[/home],methods=[GET]}" onto public com.alex.entity.vo.ResultVO<java.util.List<com.alex.entity.vo.ArticleVO>> com.alex.controller.IndexController.getHomeHtml(org.springframework.ui.Model,javax.servlet.http.HttpServletRequest,java.lang.Integer)
2018-05-02 09:18:47.267 [restartedMain] INFO  o.s.w.s.m.m.a.RequestMappingHandlerMapping - Mapped "{[/editArticle],methods=[GET]}" onto public java.lang.String com.alex.controller.IndexController.editArticle()
2018-05-02 09:18:47.268 [restartedMain] INFO  o.s.w.s.m.m.a.RequestMappingHandlerMapping - Mapped "{[/user/login],methods=[POST]}" onto public java.lang.String com.alex.controller.LoginController.login(com.alex.entity.User,javax.servlet.http.HttpServletRequest)
2018-05-02 09:18:47.268 [restartedMain] INFO  o.s.w.s.m.m.a.RequestMappingHandlerMapping - Mapped "{[/user/index],methods=[GET]}" onto public java.lang.String com.alex.controller.LoginController.getLogin()
2018-05-02 09:18:47.272 [restartedMain] INFO  o.s.w.s.m.m.a.RequestMappingHandlerMapping - Mapped "{[/error]}" onto public org.springframework.http.ResponseEntity<java.util.Map<java.lang.String, java.lang.Object>> org.springframework.boot.autoconfigure.web.servlet.error.BasicErrorController.error(javax.servlet.http.HttpServletRequest)
2018-05-02 09:18:47.273 [restartedMain] INFO  o.s.w.s.m.m.a.RequestMappingHandlerMapping - Mapped "{[/error],produces=[text/html]}" onto public org.springframework.web.servlet.ModelAndView org.springframework.boot.autoconfigure.web.servlet.error.BasicErrorController.errorHtml(javax.servlet.http.HttpServletRequest,javax.servlet.http.HttpServletResponse)
2018-05-02 09:18:47.310 [restartedMain] INFO  o.s.web.servlet.handler.SimpleUrlHandlerMapping - Mapped URL path [/webjars/**] onto handler of type [class org.springframework.web.servlet.resource.ResourceHttpRequestHandler]
2018-05-02 09:18:47.310 [restartedMain] INFO  o.s.web.servlet.handler.SimpleUrlHandlerMapping - Mapped URL path [/**] onto handler of type [class org.springframework.web.servlet.resource.ResourceHttpRequestHandler]
2018-05-02 09:18:47.344 [restartedMain] INFO  o.s.web.servlet.handler.SimpleUrlHandlerMapping - Mapped URL path [/**/favicon.ico] onto handler of type [class org.springframework.web.servlet.resource.ResourceHttpRequestHandler]
2018-05-02 09:18:47.371 [restartedMain] WARN  org.thymeleaf.templatemode.TemplateMode - [THYMELEAF][restartedMain] Template Mode 'HTML5' is deprecated. Using Template Mode 'HTML' instead.
2018-05-02 09:18:47.787 [restartedMain] INFO  o.s.b.d.autoconfigure.OptionalLiveReloadServer - LiveReload server is running on port 35729
2018-05-02 09:18:47.842 [restartedMain] INFO  o.s.jmx.export.annotation.AnnotationMBeanExporter - Registering beans for JMX exposure on startup
2018-05-02 09:18:47.843 [restartedMain] INFO  o.s.jmx.export.annotation.AnnotationMBeanExporter - Bean with name 'dataSource' has been autodetected for JMX exposure
2018-05-02 09:18:47.847 [restartedMain] INFO  o.s.jmx.export.annotation.AnnotationMBeanExporter - Located MBean 'dataSource': registering with JMX server as MBean [com.alibaba.druid.pool:name=dataSource,type=DruidDataSource]
2018-05-02 09:18:47.858 [restartedMain] INFO  org.apache.coyote.http11.Http11NioProtocol - Starting ProtocolHandler ["http-nio-9889"]
2018-05-02 09:18:47.864 [restartedMain] INFO  org.apache.tomcat.util.net.NioSelectorPool - Using a shared selector for servlet write/read
2018-05-02 09:18:47.877 [restartedMain] INFO  o.s.boot.web.embedded.tomcat.TomcatWebServer - Tomcat started on port(s): 9889 (http) with context path ''
2018-05-02 09:18:47.879 [restartedMain] INFO  com.alex.BlogApplication - Started BlogApplication in 3.439 seconds (JVM running for 4.122)
2018-05-02 09:19:01.304 [http-nio-9889-exec-1] INFO  o.a.c.core.ContainerBase.[Tomcat].[localhost].[/] - Initializing Spring FrameworkServlet 'dispatcherServlet'
2018-05-02 09:19:01.305 [http-nio-9889-exec-1] INFO  org.springframework.web.servlet.DispatcherServlet - FrameworkServlet 'dispatcherServlet': initialization started
2018-05-02 09:19:01.327 [http-nio-9889-exec-1] INFO  org.springframework.web.servlet.DispatcherServlet - FrameworkServlet 'dispatcherServlet': initialization completed in 22 ms
2018-05-02 09:19:01.831 [http-nio-9889-exec-2] INFO  com.alibaba.druid.pool.DruidDataSource - {dataSource-1} inited
2018-05-02 09:19:46.101 [restartedMain] INFO  com.alex.BlogApplication - Starting BlogApplication on PV-1 with PID 10808 (C:\Users\iside\Desktop\Blog\Blog\blog-before\target\classes started by Administrator in C:\Users\iside\Desktop\Blog\Blog)
2018-05-02 09:19:46.110 [restartedMain] INFO  com.alex.BlogApplication - No active profile set, falling back to default profiles: default
2018-05-02 09:19:46.142 [restartedMain] INFO  o.s.b.w.s.c.AnnotationConfigServletWebServerApplicationContext - Refreshing org.springframework.boot.web.servlet.context.AnnotationConfigServletWebServerApplicationContext@3ac09fb2: startup date [Wed May 02 09:19:46 CST 2018]; root of context hierarchy
2018-05-02 09:19:46.743 [restartedMain] INFO  o.s.d.r.config.RepositoryConfigurationDelegate - Multiple Spring Data modules found, entering strict repository configuration mode!
2018-05-02 09:19:47.049 [restartedMain] INFO  o.s.c.s.PostProcessorRegistrationDelegate$BeanPostProcessorChecker - Bean 'org.springframework.transaction.annotation.ProxyTransactionManagementConfiguration' of type [org.springframework.transaction.annotation.ProxyTransactionManagementConfiguration$$EnhancerBySpringCGLIB$$ba1f0a30] is not eligible for getting processed by all BeanPostProcessors (for example: not eligible for auto-proxying)
2018-05-02 09:19:47.314 [restartedMain] INFO  o.s.boot.web.embedded.tomcat.TomcatWebServer - Tomcat initialized with port(s): 9889 (http)
2018-05-02 09:19:47.324 [restartedMain] INFO  org.apache.coyote.http11.Http11NioProtocol - Initializing ProtocolHandler ["http-nio-9889"]
2018-05-02 09:19:47.331 [restartedMain] INFO  org.apache.catalina.core.StandardService - Starting service [Tomcat]
2018-05-02 09:19:47.331 [restartedMain] INFO  org.apache.catalina.core.StandardEngine - Starting Servlet Engine: Apache Tomcat/8.5.28
2018-05-02 09:19:47.335 [localhost-startStop-1] INFO  org.apache.catalina.core.AprLifecycleListener - The APR based Apache Tomcat Native library which allows optimal performance in production environments was not found on the java.library.path: [C:\develop\Java\jdk1.8.0_144\bin;C:\windows\Sun\Java\bin;C:\windows\system32;C:\windows;C:\develop\mysql-5.6.39-winx64\bin;C:\develop\apache-maven-3.5.2\bin;C:\develop\Java\jdk1.8.0_144\bin;C:\ProgramData\Oracle\Java\javapath;C:\windows\system32;C:\windows;C:\windows\System32\Wbem;C:\windows\System32\WindowsPowerShell\v1.0\;d:\Git\cmd;C:\Program Files\nodejs\;C:\Users\Administrator\AppData\Local\Microsoft\WindowsApps;C:\Fiddler;C:\Users\Administrator\AppData\Roaming\npm;.]
2018-05-02 09:19:47.396 [localhost-startStop-1] INFO  o.a.c.core.ContainerBase.[Tomcat].[localhost].[/] - Initializing Spring embedded WebApplicationContext
2018-05-02 09:19:47.396 [localhost-startStop-1] INFO  org.springframework.web.context.ContextLoader - Root WebApplicationContext: initialization completed in 1254 ms
2018-05-02 09:19:47.489 [localhost-startStop-1] INFO  o.s.boot.web.servlet.ServletRegistrationBean - Servlet dispatcherServlet mapped to [/]
2018-05-02 09:19:47.492 [localhost-startStop-1] INFO  o.s.boot.web.servlet.FilterRegistrationBean - Mapping filter: 'characterEncodingFilter' to: [/*]
2018-05-02 09:19:47.493 [localhost-startStop-1] INFO  o.s.boot.web.servlet.FilterRegistrationBean - Mapping filter: 'hiddenHttpMethodFilter' to: [/*]
2018-05-02 09:19:47.493 [localhost-startStop-1] INFO  o.s.boot.web.servlet.FilterRegistrationBean - Mapping filter: 'httpPutFormContentFilter' to: [/*]
2018-05-02 09:19:47.493 [localhost-startStop-1] INFO  o.s.boot.web.servlet.FilterRegistrationBean - Mapping filter: 'requestContextFilter' to: [/*]
2018-05-02 09:19:48.254 [restartedMain] INFO  o.s.w.s.m.m.a.RequestMappingHandlerAdapter - Looking for @ControllerAdvice: org.springframework.boot.web.servlet.context.AnnotationConfigServletWebServerApplicationContext@3ac09fb2: startup date [Wed May 02 09:19:46 CST 2018]; root of context hierarchy
2018-05-02 09:19:48.299 [restartedMain] INFO  o.s.w.s.m.m.a.RequestMappingHandlerMapping - Mapped "{[/article/addArticle],methods=[POST]}" onto public java.lang.String com.alex.controller.ArticleController.addArticle(com.alex.entity.vo.ArticleVO,javax.servlet.http.HttpServletRequest)
2018-05-02 09:19:48.301 [restartedMain] INFO  o.s.w.s.m.m.a.RequestMappingHandlerMapping - Mapped "{[/editArticle],methods=[GET]}" onto public java.lang.String com.alex.controller.IndexController.editArticle()
2018-05-02 09:19:48.302 [restartedMain] INFO  o.s.w.s.m.m.a.RequestMappingHandlerMapping - Mapped "{[/detail],methods=[GET]}" onto public org.springframework.web.servlet.ModelAndView com.alex.controller.IndexController.getDetail()
2018-05-02 09:19:48.302 [restartedMain] INFO  o.s.w.s.m.m.a.RequestMappingHandlerMapping - Mapped "{[/home],methods=[GET]}" onto public com.alex.entity.vo.ResultVO<java.util.List<com.alex.entity.vo.ArticleVO>> com.alex.controller.IndexController.getHomeHtml(org.springframework.ui.Model,javax.servlet.http.HttpServletRequest,java.lang.Integer)
2018-05-02 09:19:48.302 [restartedMain] INFO  o.s.w.s.m.m.a.RequestMappingHandlerMapping - Mapped "{[/home2],methods=[GET]}" onto public java.lang.String com.alex.controller.IndexController.getHomeHtml2()
2018-05-02 09:19:48.303 [restartedMain] INFO  o.s.w.s.m.m.a.RequestMappingHandlerMapping - Mapped "{[/user/login],methods=[POST]}" onto public java.lang.String com.alex.controller.LoginController.login(com.alex.entity.User,javax.servlet.http.HttpServletRequest)
2018-05-02 09:19:48.304 [restartedMain] INFO  o.s.w.s.m.m.a.RequestMappingHandlerMapping - Mapped "{[/user/index],methods=[GET]}" onto public java.lang.String com.alex.controller.LoginController.getLogin()
2018-05-02 09:19:48.307 [restartedMain] INFO  o.s.w.s.m.m.a.RequestMappingHandlerMapping - Mapped "{[/error]}" onto public org.springframework.http.ResponseEntity<java.util.Map<java.lang.String, java.lang.Object>> org.springframework.boot.autoconfigure.web.servlet.error.BasicErrorController.error(javax.servlet.http.HttpServletRequest)
2018-05-02 09:19:48.307 [restartedMain] INFO  o.s.w.s.m.m.a.RequestMappingHandlerMapping - Mapped "{[/error],produces=[text/html]}" onto public org.springframework.web.servlet.ModelAndView org.springframework.boot.autoconfigure.web.servlet.error.BasicErrorController.errorHtml(javax.servlet.http.HttpServletRequest,javax.servlet.http.HttpServletResponse)
2018-05-02 09:19:48.336 [restartedMain] INFO  o.s.web.servlet.handler.SimpleUrlHandlerMapping - Mapped URL path [/webjars/**] onto handler of type [class org.springframework.web.servlet.resource.ResourceHttpRequestHandler]
2018-05-02 09:19:48.336 [restartedMain] INFO  o.s.web.servlet.handler.SimpleUrlHandlerMapping - Mapped URL path [/**] onto handler of type [class org.springframework.web.servlet.resource.ResourceHttpRequestHandler]
2018-05-02 09:19:48.365 [restartedMain] INFO  o.s.web.servlet.handler.SimpleUrlHandlerMapping - Mapped URL path [/**/favicon.ico] onto handler of type [class org.springframework.web.servlet.resource.ResourceHttpRequestHandler]
2018-05-02 09:19:48.391 [restartedMain] WARN  org.thymeleaf.templatemode.TemplateMode - [THYMELEAF][restartedMain] Template Mode 'HTML5' is deprecated. Using Template Mode 'HTML' instead.
2018-05-02 09:19:48.759 [restartedMain] INFO  o.s.b.d.autoconfigure.OptionalLiveReloadServer - LiveReload server is running on port 35729
2018-05-02 09:19:48.809 [restartedMain] INFO  o.s.jmx.export.annotation.AnnotationMBeanExporter - Registering beans for JMX exposure on startup
2018-05-02 09:19:48.810 [restartedMain] INFO  o.s.jmx.export.annotation.AnnotationMBeanExporter - Bean with name 'dataSource' has been autodetected for JMX exposure
2018-05-02 09:19:48.813 [restartedMain] INFO  o.s.jmx.export.annotation.AnnotationMBeanExporter - Located MBean 'dataSource': registering with JMX server as MBean [com.alibaba.druid.pool:name=dataSource,type=DruidDataSource]
2018-05-02 09:19:48.823 [restartedMain] INFO  org.apache.coyote.http11.Http11NioProtocol - Starting ProtocolHandler ["http-nio-9889"]
2018-05-02 09:19:48.829 [restartedMain] INFO  org.apache.tomcat.util.net.NioSelectorPool - Using a shared selector for servlet write/read
2018-05-02 09:19:48.839 [restartedMain] INFO  o.s.boot.web.embedded.tomcat.TomcatWebServer - Tomcat started on port(s): 9889 (http) with context path ''
2018-05-02 09:19:48.842 [restartedMain] INFO  com.alex.BlogApplication - Started BlogApplication in 3.082 seconds (JVM running for 3.802)
2018-05-02 09:20:05.865 [http-nio-9889-exec-1] INFO  o.a.c.core.ContainerBase.[Tomcat].[localhost].[/] - Initializing Spring FrameworkServlet 'dispatcherServlet'
2018-05-02 09:20:05.866 [http-nio-9889-exec-1] INFO  org.springframework.web.servlet.DispatcherServlet - FrameworkServlet 'dispatcherServlet': initialization started
2018-05-02 09:20:05.884 [http-nio-9889-exec-1] INFO  org.springframework.web.servlet.DispatcherServlet - FrameworkServlet 'dispatcherServlet': initialization completed in 17 ms
2018-05-02 09:20:06.383 [http-nio-9889-exec-2] INFO  com.alibaba.druid.pool.DruidDataSource - {dataSource-1} inited
2018-05-02 09:27:35.413 [restartedMain] INFO  com.alex.BlogApplication - Starting BlogApplication on PV-1 with PID 4816 (C:\Users\iside\Desktop\Blog\Blog\blog-before\target\classes started by Administrator in C:\Users\iside\Desktop\Blog\Blog)
2018-05-02 09:27:35.413 [restartedMain] INFO  com.alex.BlogApplication - No active profile set, falling back to default profiles: default
2018-05-02 09:27:35.460 [restartedMain] INFO  o.s.b.w.s.c.AnnotationConfigServletWebServerApplicationContext - Refreshing org.springframework.boot.web.servlet.context.AnnotationConfigServletWebServerApplicationContext@7b860058: startup date [Wed May 02 09:27:35 CST 2018]; root of context hierarchy
2018-05-02 09:27:36.054 [restartedMain] INFO  o.s.d.r.config.RepositoryConfigurationDelegate - Multiple Spring Data modules found, entering strict repository configuration mode!
2018-05-02 09:27:36.347 [restartedMain] INFO  o.s.c.s.PostProcessorRegistrationDelegate$BeanPostProcessorChecker - Bean 'org.springframework.transaction.annotation.ProxyTransactionManagementConfiguration' of type [org.springframework.transaction.annotation.ProxyTransactionManagementConfiguration$$EnhancerBySpringCGLIB$$b786b185] is not eligible for getting processed by all BeanPostProcessors (for example: not eligible for auto-proxying)
2018-05-02 09:27:36.581 [restartedMain] INFO  o.s.boot.web.embedded.tomcat.TomcatWebServer - Tomcat initialized with port(s): 9889 (http)
2018-05-02 09:27:36.600 [restartedMain] INFO  org.apache.coyote.http11.Http11NioProtocol - Initializing ProtocolHandler ["http-nio-9889"]
2018-05-02 09:27:36.600 [restartedMain] INFO  org.apache.catalina.core.StandardService - Starting service [Tomcat]
2018-05-02 09:27:36.600 [restartedMain] INFO  org.apache.catalina.core.StandardEngine - Starting Servlet Engine: Apache Tomcat/8.5.28
2018-05-02 09:27:36.600 [localhost-startStop-1] INFO  org.apache.catalina.core.AprLifecycleListener - The APR based Apache Tomcat Native library which allows optimal performance in production environments was not found on the java.library.path: [C:\develop\Java\jdk1.8.0_144\bin;C:\windows\Sun\Java\bin;C:\windows\system32;C:\windows;C:\develop\mysql-5.6.39-winx64\bin;C:\develop\apache-maven-3.5.2\bin;C:\develop\Java\jdk1.8.0_144\bin;C:\ProgramData\Oracle\Java\javapath;C:\windows\system32;C:\windows;C:\windows\System32\Wbem;C:\windows\System32\WindowsPowerShell\v1.0\;d:\Git\cmd;C:\Program Files\nodejs\;C:\Users\Administrator\AppData\Local\Microsoft\WindowsApps;C:\Fiddler;C:\Users\Administrator\AppData\Roaming\npm;.]
2018-05-02 09:27:36.663 [localhost-startStop-1] INFO  o.a.c.core.ContainerBase.[Tomcat].[localhost].[/] - Initializing Spring embedded WebApplicationContext
2018-05-02 09:27:36.663 [localhost-startStop-1] INFO  org.springframework.web.context.ContextLoader - Root WebApplicationContext: initialization completed in 1203 ms
2018-05-02 09:27:36.757 [localhost-startStop-1] INFO  o.s.boot.web.servlet.ServletRegistrationBean - Servlet dispatcherServlet mapped to [/]
2018-05-02 09:27:36.757 [localhost-startStop-1] INFO  o.s.boot.web.servlet.FilterRegistrationBean - Mapping filter: 'characterEncodingFilter' to: [/*]
2018-05-02 09:27:36.757 [localhost-startStop-1] INFO  o.s.boot.web.servlet.FilterRegistrationBean - Mapping filter: 'hiddenHttpMethodFilter' to: [/*]
2018-05-02 09:27:36.757 [localhost-startStop-1] INFO  o.s.boot.web.servlet.FilterRegistrationBean - Mapping filter: 'httpPutFormContentFilter' to: [/*]
2018-05-02 09:27:36.757 [localhost-startStop-1] INFO  o.s.boot.web.servlet.FilterRegistrationBean - Mapping filter: 'requestContextFilter' to: [/*]
2018-05-02 09:27:37.429 [restartedMain] INFO  o.s.w.s.m.m.a.RequestMappingHandlerAdapter - Looking for @ControllerAdvice: org.springframework.boot.web.servlet.context.AnnotationConfigServletWebServerApplicationContext@7b860058: startup date [Wed May 02 09:27:35 CST 2018]; root of context hierarchy
2018-05-02 09:27:37.475 [restartedMain] INFO  o.s.w.s.m.m.a.RequestMappingHandlerMapping - Mapped "{[/article/addArticle],methods=[POST]}" onto public java.lang.String com.alex.controller.ArticleController.addArticle(com.alex.entity.vo.ArticleVO,javax.servlet.http.HttpServletRequest)
2018-05-02 09:27:37.475 [restartedMain] INFO  o.s.w.s.m.m.a.RequestMappingHandlerMapping - Mapped "{[/home],methods=[GET]}" onto public com.alex.entity.vo.ResultVO<java.util.List<com.alex.entity.vo.ArticleVO>> com.alex.controller.IndexController.getHomeHtml(org.springframework.ui.Model,javax.servlet.http.HttpServletRequest,java.lang.Integer)
2018-05-02 09:27:37.475 [restartedMain] INFO  o.s.w.s.m.m.a.RequestMappingHandlerMapping - Mapped "{[/home2],methods=[GET]}" onto public java.lang.String com.alex.controller.IndexController.getHomeHtml2()
2018-05-02 09:27:37.475 [restartedMain] INFO  o.s.w.s.m.m.a.RequestMappingHandlerMapping - Mapped "{[/detail],methods=[GET]}" onto public org.springframework.web.servlet.ModelAndView com.alex.controller.IndexController.getDetail()
2018-05-02 09:27:37.475 [restartedMain] INFO  o.s.w.s.m.m.a.RequestMappingHandlerMapping - Mapped "{[/editArticle],methods=[GET]}" onto public java.lang.String com.alex.controller.IndexController.editArticle()
2018-05-02 09:27:37.475 [restartedMain] INFO  o.s.w.s.m.m.a.RequestMappingHandlerMapping - Mapped "{[/user/index],methods=[GET]}" onto public java.lang.String com.alex.controller.LoginController.getLogin()
2018-05-02 09:27:37.475 [restartedMain] INFO  o.s.w.s.m.m.a.RequestMappingHandlerMapping - Mapped "{[/user/login],methods=[POST]}" onto public java.lang.String com.alex.controller.LoginController.login(com.alex.entity.User,javax.servlet.http.HttpServletRequest)
2018-05-02 09:27:37.475 [restartedMain] INFO  o.s.w.s.m.m.a.RequestMappingHandlerMapping - Mapped "{[/error]}" onto public org.springframework.http.ResponseEntity<java.util.Map<java.lang.String, java.lang.Object>> org.springframework.boot.autoconfigure.web.servlet.error.BasicErrorController.error(javax.servlet.http.HttpServletRequest)
2018-05-02 09:27:37.475 [restartedMain] INFO  o.s.w.s.m.m.a.RequestMappingHandlerMapping - Mapped "{[/error],produces=[text/html]}" onto public org.springframework.web.servlet.ModelAndView org.springframework.boot.autoconfigure.web.servlet.error.BasicErrorController.errorHtml(javax.servlet.http.HttpServletRequest,javax.servlet.http.HttpServletResponse)
2018-05-02 09:27:37.507 [restartedMain] INFO  o.s.web.servlet.handler.SimpleUrlHandlerMapping - Mapped URL path [/webjars/**] onto handler of type [class org.springframework.web.servlet.resource.ResourceHttpRequestHandler]
2018-05-02 09:27:37.507 [restartedMain] INFO  o.s.web.servlet.handler.SimpleUrlHandlerMapping - Mapped URL path [/**] onto handler of type [class org.springframework.web.servlet.resource.ResourceHttpRequestHandler]
2018-05-02 09:27:37.538 [restartedMain] INFO  o.s.web.servlet.handler.SimpleUrlHandlerMapping - Mapped URL path [/**/favicon.ico] onto handler of type [class org.springframework.web.servlet.resource.ResourceHttpRequestHandler]
2018-05-02 09:27:37.554 [restartedMain] WARN  org.thymeleaf.templatemode.TemplateMode - [THYMELEAF][restartedMain] Template Mode 'HTML5' is deprecated. Using Template Mode 'HTML' instead.
2018-05-02 09:27:37.898 [restartedMain] INFO  o.s.b.d.autoconfigure.OptionalLiveReloadServer - LiveReload server is running on port 35729
2018-05-02 09:27:37.945 [restartedMain] INFO  o.s.jmx.export.annotation.AnnotationMBeanExporter - Registering beans for JMX exposure on startup
2018-05-02 09:27:37.945 [restartedMain] INFO  o.s.jmx.export.annotation.AnnotationMBeanExporter - Bean with name 'dataSource' has been autodetected for JMX exposure
2018-05-02 09:27:37.945 [restartedMain] INFO  o.s.jmx.export.annotation.AnnotationMBeanExporter - Located MBean 'dataSource': registering with JMX server as MBean [com.alibaba.druid.pool:name=dataSource,type=DruidDataSource]
2018-05-02 09:27:37.960 [restartedMain] INFO  org.apache.coyote.http11.Http11NioProtocol - Starting ProtocolHandler ["http-nio-9889"]
2018-05-02 09:27:37.960 [restartedMain] INFO  org.apache.tomcat.util.net.NioSelectorPool - Using a shared selector for servlet write/read
2018-05-02 09:27:37.976 [restartedMain] INFO  o.s.boot.web.embedded.tomcat.TomcatWebServer - Tomcat started on port(s): 9889 (http) with context path ''
2018-05-02 09:27:37.976 [restartedMain] INFO  com.alex.BlogApplication - Started BlogApplication in 2.891 seconds (JVM running for 3.502)
2018-05-02 09:29:24.856 [http-nio-9889-exec-1] INFO  o.a.c.core.ContainerBase.[Tomcat].[localhost].[/] - Initializing Spring FrameworkServlet 'dispatcherServlet'
2018-05-02 09:29:24.856 [http-nio-9889-exec-1] INFO  org.springframework.web.servlet.DispatcherServlet - FrameworkServlet 'dispatcherServlet': initialization started
2018-05-02 09:29:24.872 [http-nio-9889-exec-1] INFO  org.springframework.web.servlet.DispatcherServlet - FrameworkServlet 'dispatcherServlet': initialization completed in 16 ms
2018-05-02 09:29:24.940 [http-nio-9889-exec-1] INFO  com.alibaba.druid.pool.DruidDataSource - {dataSource-1} inited
2018-05-02 09:33:54.929 [restartedMain] INFO  com.alex.BlogApplication - Starting BlogApplication on PV-1 with PID 8248 (C:\Users\iside\Desktop\Blog\Blog\blog-before\target\classes started by Administrator in C:\Users\iside\Desktop\Blog\Blog)
2018-05-02 09:33:54.929 [restartedMain] INFO  com.alex.BlogApplication - No active profile set, falling back to default profiles: default
2018-05-02 09:33:54.975 [restartedMain] INFO  o.s.b.w.s.c.AnnotationConfigServletWebServerApplicationContext - Refreshing org.springframework.boot.web.servlet.context.AnnotationConfigServletWebServerApplicationContext@473be75a: startup date [Wed May 02 09:33:54 CST 2018]; root of context hierarchy
2018-05-02 09:33:55.491 [restartedMain] INFO  o.s.d.r.config.RepositoryConfigurationDelegate - Multiple Spring Data modules found, entering strict repository configuration mode!
2018-05-02 09:33:55.804 [restartedMain] INFO  o.s.c.s.PostProcessorRegistrationDelegate$BeanPostProcessorChecker - Bean 'org.springframework.transaction.annotation.ProxyTransactionManagementConfiguration' of type [org.springframework.transaction.annotation.ProxyTransactionManagementConfiguration$$EnhancerBySpringCGLIB$$382dd4f8] is not eligible for getting processed by all BeanPostProcessors (for example: not eligible for auto-proxying)
2018-05-02 09:33:56.022 [restartedMain] INFO  o.s.boot.web.embedded.tomcat.TomcatWebServer - Tomcat initialized with port(s): 9889 (http)
2018-05-02 09:33:56.038 [restartedMain] INFO  org.apache.coyote.http11.Http11NioProtocol - Initializing ProtocolHandler ["http-nio-9889"]
2018-05-02 09:33:56.038 [restartedMain] INFO  org.apache.catalina.core.StandardService - Starting service [Tomcat]
2018-05-02 09:33:56.038 [restartedMain] INFO  org.apache.catalina.core.StandardEngine - Starting Servlet Engine: Apache Tomcat/8.5.28
2018-05-02 09:33:56.054 [localhost-startStop-1] INFO  org.apache.catalina.core.AprLifecycleListener - The APR based Apache Tomcat Native library which allows optimal performance in production environments was not found on the java.library.path: [C:\develop\Java\jdk1.8.0_144\bin;C:\windows\Sun\Java\bin;C:\windows\system32;C:\windows;C:\develop\mysql-5.6.39-winx64\bin;C:\develop\apache-maven-3.5.2\bin;C:\develop\Java\jdk1.8.0_144\bin;C:\ProgramData\Oracle\Java\javapath;C:\windows\system32;C:\windows;C:\windows\System32\Wbem;C:\windows\System32\WindowsPowerShell\v1.0\;d:\Git\cmd;C:\Program Files\nodejs\;C:\Users\Administrator\AppData\Local\Microsoft\WindowsApps;C:\Fiddler;C:\Users\Administrator\AppData\Roaming\npm;.]
2018-05-02 09:33:56.117 [localhost-startStop-1] INFO  o.a.c.core.ContainerBase.[Tomcat].[localhost].[/] - Initializing Spring embedded WebApplicationContext
2018-05-02 09:33:56.117 [localhost-startStop-1] INFO  org.springframework.web.context.ContextLoader - Root WebApplicationContext: initialization completed in 1142 ms
2018-05-02 09:33:56.210 [localhost-startStop-1] INFO  o.s.boot.web.servlet.ServletRegistrationBean - Servlet dispatcherServlet mapped to [/]
2018-05-02 09:33:56.210 [localhost-startStop-1] INFO  o.s.boot.web.servlet.FilterRegistrationBean - Mapping filter: 'characterEncodingFilter' to: [/*]
2018-05-02 09:33:56.210 [localhost-startStop-1] INFO  o.s.boot.web.servlet.FilterRegistrationBean - Mapping filter: 'hiddenHttpMethodFilter' to: [/*]
2018-05-02 09:33:56.210 [localhost-startStop-1] INFO  o.s.boot.web.servlet.FilterRegistrationBean - Mapping filter: 'httpPutFormContentFilter' to: [/*]
2018-05-02 09:33:56.210 [localhost-startStop-1] INFO  o.s.boot.web.servlet.FilterRegistrationBean - Mapping filter: 'requestContextFilter' to: [/*]
2018-05-02 09:33:57.120 [restartedMain] INFO  o.s.w.s.m.m.a.RequestMappingHandlerAdapter - Looking for @ControllerAdvice: org.springframework.boot.web.servlet.context.AnnotationConfigServletWebServerApplicationContext@473be75a: startup date [Wed May 02 09:33:54 CST 2018]; root of context hierarchy
2018-05-02 09:33:57.167 [restartedMain] INFO  o.s.w.s.m.m.a.RequestMappingHandlerMapping - Mapped "{[/article/addArticle],methods=[POST]}" onto public java.lang.String com.alex.controller.ArticleController.addArticle(com.alex.entity.vo.ArticleVO,javax.servlet.http.HttpServletRequest)
2018-05-02 09:33:57.167 [restartedMain] INFO  o.s.w.s.m.m.a.RequestMappingHandlerMapping - Mapped "{[/detail],methods=[GET]}" onto public org.springframework.web.servlet.ModelAndView com.alex.controller.IndexController.getDetail()
2018-05-02 09:33:57.167 [restartedMain] INFO  o.s.w.s.m.m.a.RequestMappingHandlerMapping - Mapped "{[/editArticle],methods=[GET]}" onto public java.lang.String com.alex.controller.IndexController.editArticle()
2018-05-02 09:33:57.167 [restartedMain] INFO  o.s.w.s.m.m.a.RequestMappingHandlerMapping - Mapped "{[/home],methods=[GET]}" onto public java.lang.String com.alex.controller.IndexController.getHomeHtml2()
2018-05-02 09:33:57.167 [restartedMain] INFO  o.s.w.s.m.m.a.RequestMappingHandlerMapping - Mapped "{[/index],methods=[GET]}" onto public com.alex.entity.vo.ResultVO<java.util.List<com.alex.entity.vo.ArticleVO>> com.alex.controller.IndexController.getHomeHtml(org.springframework.ui.Model,javax.servlet.http.HttpServletRequest,java.lang.Integer)
2018-05-02 09:33:57.167 [restartedMain] INFO  o.s.w.s.m.m.a.RequestMappingHandlerMapping - Mapped "{[/user/index],methods=[GET]}" onto public java.lang.String com.alex.controller.LoginController.getLogin()
2018-05-02 09:33:57.167 [restartedMain] INFO  o.s.w.s.m.m.a.RequestMappingHandlerMapping - Mapped "{[/user/login],methods=[POST]}" onto public java.lang.String com.alex.controller.LoginController.login(com.alex.entity.User,javax.servlet.http.HttpServletRequest)
2018-05-02 09:33:57.167 [restartedMain] INFO  o.s.w.s.m.m.a.RequestMappingHandlerMapping - Mapped "{[/error]}" onto public org.springframework.http.ResponseEntity<java.util.Map<java.lang.String, java.lang.Object>> org.springframework.boot.autoconfigure.web.servlet.error.BasicErrorController.error(javax.servlet.http.HttpServletRequest)
2018-05-02 09:33:57.167 [restartedMain] INFO  o.s.w.s.m.m.a.RequestMappingHandlerMapping - Mapped "{[/error],produces=[text/html]}" onto public org.springframework.web.servlet.ModelAndView org.springframework.boot.autoconfigure.web.servlet.error.BasicErrorController.errorHtml(javax.servlet.http.HttpServletRequest,javax.servlet.http.HttpServletResponse)
2018-05-02 09:33:57.198 [restartedMain] INFO  o.s.web.servlet.handler.SimpleUrlHandlerMapping - Mapped URL path [/webjars/**] onto handler of type [class org.springframework.web.servlet.resource.ResourceHttpRequestHandler]
2018-05-02 09:33:57.198 [restartedMain] INFO  o.s.web.servlet.handler.SimpleUrlHandlerMapping - Mapped URL path [/**] onto handler of type [class org.springframework.web.servlet.resource.ResourceHttpRequestHandler]
2018-05-02 09:33:57.229 [restartedMain] INFO  o.s.web.servlet.handler.SimpleUrlHandlerMapping - Mapped URL path [/**/favicon.ico] onto handler of type [class org.springframework.web.servlet.resource.ResourceHttpRequestHandler]
2018-05-02 09:33:57.245 [restartedMain] WARN  org.thymeleaf.templatemode.TemplateMode - [THYMELEAF][restartedMain] Template Mode 'HTML5' is deprecated. Using Template Mode 'HTML' instead.
2018-05-02 09:33:57.580 [restartedMain] INFO  o.s.b.d.autoconfigure.OptionalLiveReloadServer - LiveReload server is running on port 35729
2018-05-02 09:33:57.627 [restartedMain] INFO  o.s.jmx.export.annotation.AnnotationMBeanExporter - Registering beans for JMX exposure on startup
2018-05-02 09:33:57.643 [restartedMain] INFO  o.s.jmx.export.annotation.AnnotationMBeanExporter - Bean with name 'dataSource' has been autodetected for JMX exposure
2018-05-02 09:33:57.643 [restartedMain] INFO  o.s.jmx.export.annotation.AnnotationMBeanExporter - Located MBean 'dataSource': registering with JMX server as MBean [com.alibaba.druid.pool:name=dataSource,type=DruidDataSource]
2018-05-02 09:33:57.643 [restartedMain] INFO  org.apache.coyote.http11.Http11NioProtocol - Starting ProtocolHandler ["http-nio-9889"]
2018-05-02 09:33:57.658 [restartedMain] INFO  org.apache.tomcat.util.net.NioSelectorPool - Using a shared selector for servlet write/read
2018-05-02 09:33:57.658 [restartedMain] INFO  o.s.boot.web.embedded.tomcat.TomcatWebServer - Tomcat started on port(s): 9889 (http) with context path ''
2018-05-02 09:33:57.658 [restartedMain] INFO  com.alex.BlogApplication - Started BlogApplication in 3.214 seconds (JVM running for 3.898)
2018-05-02 09:34:12.016 [http-nio-9889-exec-3] INFO  o.a.c.core.ContainerBase.[Tomcat].[localhost].[/] - Initializing Spring FrameworkServlet 'dispatcherServlet'
2018-05-02 09:34:12.016 [http-nio-9889-exec-3] INFO  org.springframework.web.servlet.DispatcherServlet - FrameworkServlet 'dispatcherServlet': initialization started
2018-05-02 09:34:12.032 [http-nio-9889-exec-3] INFO  org.springframework.web.servlet.DispatcherServlet - FrameworkServlet 'dispatcherServlet': initialization completed in 15 ms
2018-05-02 09:34:12.583 [http-nio-9889-exec-1] INFO  com.alibaba.druid.pool.DruidDataSource - {dataSource-1} inited
2018-05-02 09:40:35.665 [restartedMain] INFO  com.alex.BlogApplication - Starting BlogApplication on PV-1 with PID 2612 (C:\Users\iside\Desktop\Blog\Blog\blog-before\target\classes started by Administrator in C:\Users\iside\Desktop\Blog\Blog)
2018-05-02 09:40:35.689 [restartedMain] INFO  com.alex.BlogApplication - No active profile set, falling back to default profiles: default
2018-05-02 09:40:35.730 [restartedMain] INFO  o.s.b.w.s.c.AnnotationConfigServletWebServerApplicationContext - Refreshing org.springframework.boot.web.servlet.context.AnnotationConfigServletWebServerApplicationContext@51b9a8d5: startup date [Wed May 02 09:40:35 CST 2018]; root of context hierarchy
2018-05-02 09:41:03.283 [restartedMain] INFO  com.alex.BlogApplication - Starting BlogApplication on PV-1 with PID 888 (C:\Users\iside\Desktop\Blog\Blog\blog-before\target\classes started by Administrator in C:\Users\iside\Desktop\Blog\Blog)
2018-05-02 09:41:03.286 [restartedMain] INFO  com.alex.BlogApplication - No active profile set, falling back to default profiles: default
2018-05-02 09:41:03.319 [restartedMain] INFO  o.s.b.w.s.c.AnnotationConfigServletWebServerApplicationContext - Refreshing org.springframework.boot.web.servlet.context.AnnotationConfigServletWebServerApplicationContext@5943a2e1: startup date [Wed May 02 09:41:03 CST 2018]; root of context hierarchy
2018-05-02 09:41:03.948 [restartedMain] INFO  o.s.d.r.config.RepositoryConfigurationDelegate - Multiple Spring Data modules found, entering strict repository configuration mode!
2018-05-02 09:41:04.319 [restartedMain] INFO  o.s.c.s.PostProcessorRegistrationDelegate$BeanPostProcessorChecker - Bean 'org.springframework.transaction.annotation.ProxyTransactionManagementConfiguration' of type [org.springframework.transaction.annotation.ProxyTransactionManagementConfiguration$$EnhancerBySpringCGLIB$$9d09ac9c] is not eligible for getting processed by all BeanPostProcessors (for example: not eligible for auto-proxying)
2018-05-02 09:41:04.587 [restartedMain] INFO  o.s.boot.web.embedded.tomcat.TomcatWebServer - Tomcat initialized with port(s): 9889 (http)
2018-05-02 09:41:04.597 [restartedMain] INFO  org.apache.coyote.http11.Http11NioProtocol - Initializing ProtocolHandler ["http-nio-9889"]
2018-05-02 09:41:04.604 [restartedMain] INFO  org.apache.catalina.core.StandardService - Starting service [Tomcat]
2018-05-02 09:41:04.605 [restartedMain] INFO  org.apache.catalina.core.StandardEngine - Starting Servlet Engine: Apache Tomcat/8.5.28
2018-05-02 09:41:04.608 [localhost-startStop-1] INFO  org.apache.catalina.core.AprLifecycleListener - The APR based Apache Tomcat Native library which allows optimal performance in production environments was not found on the java.library.path: [C:\develop\Java\jdk1.8.0_144\bin;C:\windows\Sun\Java\bin;C:\windows\system32;C:\windows;C:\develop\mysql-5.6.39-winx64\bin;C:\develop\apache-maven-3.5.2\bin;C:\develop\Java\jdk1.8.0_144\bin;C:\ProgramData\Oracle\Java\javapath;C:\windows\system32;C:\windows;C:\windows\System32\Wbem;C:\windows\System32\WindowsPowerShell\v1.0\;d:\Git\cmd;C:\Program Files\nodejs\;C:\Users\Administrator\AppData\Local\Microsoft\WindowsApps;C:\Fiddler;C:\Users\Administrator\AppData\Roaming\npm;.]
2018-05-02 09:41:04.677 [localhost-startStop-1] INFO  o.a.c.core.ContainerBase.[Tomcat].[localhost].[/] - Initializing Spring embedded WebApplicationContext
2018-05-02 09:41:04.677 [localhost-startStop-1] INFO  org.springframework.web.context.ContextLoader - Root WebApplicationContext: initialization completed in 1358 ms
2018-05-02 09:41:04.772 [localhost-startStop-1] INFO  o.s.boot.web.servlet.ServletRegistrationBean - Servlet dispatcherServlet mapped to [/]
2018-05-02 09:41:04.776 [localhost-startStop-1] INFO  o.s.boot.web.servlet.FilterRegistrationBean - Mapping filter: 'characterEncodingFilter' to: [/*]
2018-05-02 09:41:04.776 [localhost-startStop-1] INFO  o.s.boot.web.servlet.FilterRegistrationBean - Mapping filter: 'hiddenHttpMethodFilter' to: [/*]
2018-05-02 09:41:04.776 [localhost-startStop-1] INFO  o.s.boot.web.servlet.FilterRegistrationBean - Mapping filter: 'httpPutFormContentFilter' to: [/*]
2018-05-02 09:41:04.777 [localhost-startStop-1] INFO  o.s.boot.web.servlet.FilterRegistrationBean - Mapping filter: 'requestContextFilter' to: [/*]
2018-05-02 09:41:05.557 [restartedMain] INFO  o.s.w.s.m.m.a.RequestMappingHandlerAdapter - Looking for @ControllerAdvice: org.springframework.boot.web.servlet.context.AnnotationConfigServletWebServerApplicationContext@5943a2e1: startup date [Wed May 02 09:41:03 CST 2018]; root of context hierarchy
2018-05-02 09:41:05.604 [restartedMain] INFO  o.s.w.s.m.m.a.RequestMappingHandlerMapping - Mapped "{[/article/addArticle],methods=[POST]}" onto public java.lang.String com.alex.controller.ArticleController.addArticle(com.alex.entity.vo.ArticleVO,javax.servlet.http.HttpServletRequest)
2018-05-02 09:41:05.607 [restartedMain] INFO  o.s.w.s.m.m.a.RequestMappingHandlerMapping - Mapped "{[/index],methods=[GET]}" onto public com.alex.entity.vo.ResultVO<java.util.List<com.alex.entity.vo.ArticleVO>> com.alex.controller.IndexController.getHomeHtml(org.springframework.ui.Model,javax.servlet.http.HttpServletRequest,java.lang.Integer)
2018-05-02 09:41:05.609 [restartedMain] INFO  o.s.w.s.m.m.a.RequestMappingHandlerMapping - Mapped "{[/home],methods=[GET]}" onto public java.lang.String com.alex.controller.IndexController.getHomeHtml2()
2018-05-02 09:41:05.609 [restartedMain] INFO  o.s.w.s.m.m.a.RequestMappingHandlerMapping - Mapped "{[/detail],methods=[GET]}" onto public org.springframework.web.servlet.ModelAndView com.alex.controller.IndexController.getDetail()
2018-05-02 09:41:05.609 [restartedMain] INFO  o.s.w.s.m.m.a.RequestMappingHandlerMapping - Mapped "{[/editArticle],methods=[GET]}" onto public java.lang.String com.alex.controller.IndexController.editArticle()
2018-05-02 09:41:05.609 [restartedMain] INFO  o.s.w.s.m.m.a.RequestMappingHandlerMapping - Mapped "{[/user/index],methods=[GET]}" onto public java.lang.String com.alex.controller.LoginController.getLogin()
2018-05-02 09:41:05.610 [restartedMain] INFO  o.s.w.s.m.m.a.RequestMappingHandlerMapping - Mapped "{[/user/login],methods=[POST]}" onto public java.lang.String com.alex.controller.LoginController.login(com.alex.entity.User,javax.servlet.http.HttpServletRequest)
2018-05-02 09:41:05.612 [restartedMain] INFO  o.s.w.s.m.m.a.RequestMappingHandlerMapping - Mapped "{[/error]}" onto public org.springframework.http.ResponseEntity<java.util.Map<java.lang.String, java.lang.Object>> org.springframework.boot.autoconfigure.web.servlet.error.BasicErrorController.error(javax.servlet.http.HttpServletRequest)
2018-05-02 09:41:05.613 [restartedMain] INFO  o.s.w.s.m.m.a.RequestMappingHandlerMapping - Mapped "{[/error],produces=[text/html]}" onto public org.springframework.web.servlet.ModelAndView org.springframework.boot.autoconfigure.web.servlet.error.BasicErrorController.errorHtml(javax.servlet.http.HttpServletRequest,javax.servlet.http.HttpServletResponse)
2018-05-02 09:41:05.644 [restartedMain] INFO  o.s.web.servlet.handler.SimpleUrlHandlerMapping - Mapped URL path [/webjars/**] onto handler of type [class org.springframework.web.servlet.resource.ResourceHttpRequestHandler]
2018-05-02 09:41:05.644 [restartedMain] INFO  o.s.web.servlet.handler.SimpleUrlHandlerMapping - Mapped URL path [/**] onto handler of type [class org.springframework.web.servlet.resource.ResourceHttpRequestHandler]
2018-05-02 09:41:05.678 [restartedMain] INFO  o.s.web.servlet.handler.SimpleUrlHandlerMapping - Mapped URL path [/**/favicon.ico] onto handler of type [class org.springframework.web.servlet.resource.ResourceHttpRequestHandler]
2018-05-02 09:41:05.706 [restartedMain] WARN  org.thymeleaf.templatemode.TemplateMode - [THYMELEAF][restartedMain] Template Mode 'HTML5' is deprecated. Using Template Mode 'HTML' instead.
2018-05-02 09:41:06.099 [restartedMain] INFO  o.s.b.d.autoconfigure.OptionalLiveReloadServer - LiveReload server is running on port 35729
2018-05-02 09:41:06.162 [restartedMain] INFO  o.s.jmx.export.annotation.AnnotationMBeanExporter - Registering beans for JMX exposure on startup
2018-05-02 09:41:06.163 [restartedMain] INFO  o.s.jmx.export.annotation.AnnotationMBeanExporter - Bean with name 'dataSource' has been autodetected for JMX exposure
2018-05-02 09:41:06.171 [restartedMain] INFO  o.s.jmx.export.annotation.AnnotationMBeanExporter - Located MBean 'dataSource': registering with JMX server as MBean [com.alibaba.druid.pool:name=dataSource,type=DruidDataSource]
2018-05-02 09:41:06.181 [restartedMain] INFO  org.apache.coyote.http11.Http11NioProtocol - Starting ProtocolHandler ["http-nio-9889"]
2018-05-02 09:41:06.188 [restartedMain] INFO  org.apache.tomcat.util.net.NioSelectorPool - Using a shared selector for servlet write/read
2018-05-02 09:41:06.212 [restartedMain] INFO  o.s.boot.web.embedded.tomcat.TomcatWebServer - Tomcat started on port(s): 9889 (http) with context path ''
2018-05-02 09:41:06.214 [restartedMain] INFO  com.alex.BlogApplication - Started BlogApplication in 3.412 seconds (JVM running for 4.119)
2018-05-02 09:41:20.259 [http-nio-9889-exec-2] INFO  o.a.c.core.ContainerBase.[Tomcat].[localhost].[/] - Initializing Spring FrameworkServlet 'dispatcherServlet'
2018-05-02 09:41:20.260 [http-nio-9889-exec-2] INFO  org.springframework.web.servlet.DispatcherServlet - FrameworkServlet 'dispatcherServlet': initialization started
2018-05-02 09:41:20.282 [http-nio-9889-exec-2] INFO  org.springframework.web.servlet.DispatcherServlet - FrameworkServlet 'dispatcherServlet': initialization completed in 22 ms
2018-05-02 09:41:20.862 [http-nio-9889-exec-4] INFO  com.alibaba.druid.pool.DruidDataSource - {dataSource-1} inited
2018-05-02 09:56:38.591 [restartedMain] INFO  com.alex.BlogApplication - Starting BlogApplication on PV-1 with PID 1852 (C:\Users\iside\Desktop\Blog\Blog\blog-before\target\classes started by Administrator in C:\Users\iside\Desktop\Blog\Blog)
2018-05-02 09:56:38.591 [restartedMain] INFO  com.alex.BlogApplication - No active profile set, falling back to default profiles: default
2018-05-02 09:56:38.638 [restartedMain] INFO  o.s.b.w.s.c.AnnotationConfigServletWebServerApplicationContext - Refreshing org.springframework.boot.web.servlet.context.AnnotationConfigServletWebServerApplicationContext@3e44bfa1: startup date [Wed May 02 09:56:38 CST 2018]; root of context hierarchy
2018-05-02 09:56:39.169 [restartedMain] INFO  o.s.d.r.config.RepositoryConfigurationDelegate - Multiple Spring Data modules found, entering strict repository configuration mode!
2018-05-02 09:56:39.457 [restartedMain] INFO  o.s.c.s.PostProcessorRegistrationDelegate$BeanPostProcessorChecker - Bean 'org.springframework.transaction.annotation.ProxyTransactionManagementConfiguration' of type [org.springframework.transaction.annotation.ProxyTransactionManagementConfiguration$$EnhancerBySpringCGLIB$$163ec326] is not eligible for getting processed by all BeanPostProcessors (for example: not eligible for auto-proxying)
2018-05-02 09:56:39.707 [restartedMain] INFO  o.s.boot.web.embedded.tomcat.TomcatWebServer - Tomcat initialized with port(s): 9889 (http)
2018-05-02 09:56:39.707 [restartedMain] INFO  org.apache.coyote.http11.Http11NioProtocol - Initializing ProtocolHandler ["http-nio-9889"]
2018-05-02 09:56:39.723 [restartedMain] INFO  org.apache.catalina.core.StandardService - Starting service [Tomcat]
2018-05-02 09:56:39.723 [restartedMain] INFO  org.apache.catalina.core.StandardEngine - Starting Servlet Engine: Apache Tomcat/8.5.28
2018-05-02 09:56:39.723 [localhost-startStop-1] INFO  org.apache.catalina.core.AprLifecycleListener - The APR based Apache Tomcat Native library which allows optimal performance in production environments was not found on the java.library.path: [C:\develop\Java\jdk1.8.0_144\bin;C:\windows\Sun\Java\bin;C:\windows\system32;C:\windows;C:\develop\mysql-5.6.39-winx64\bin;C:\develop\apache-maven-3.5.2\bin;C:\develop\Java\jdk1.8.0_144\bin;C:\ProgramData\Oracle\Java\javapath;C:\windows\system32;C:\windows;C:\windows\System32\Wbem;C:\windows\System32\WindowsPowerShell\v1.0\;d:\Git\cmd;C:\Program Files\nodejs\;C:\Users\Administrator\AppData\Local\Microsoft\WindowsApps;C:\Fiddler;C:\Users\Administrator\AppData\Roaming\npm;.]
2018-05-02 09:56:39.785 [localhost-startStop-1] INFO  o.a.c.core.ContainerBase.[Tomcat].[localhost].[/] - Initializing Spring embedded WebApplicationContext
2018-05-02 09:56:39.785 [localhost-startStop-1] INFO  org.springframework.web.context.ContextLoader - Root WebApplicationContext: initialization completed in 1147 ms
2018-05-02 09:56:39.863 [localhost-startStop-1] INFO  o.s.boot.web.servlet.ServletRegistrationBean - Servlet dispatcherServlet mapped to [/]
2018-05-02 09:56:39.879 [localhost-startStop-1] INFO  o.s.boot.web.servlet.FilterRegistrationBean - Mapping filter: 'characterEncodingFilter' to: [/*]
2018-05-02 09:56:39.879 [localhost-startStop-1] INFO  o.s.boot.web.servlet.FilterRegistrationBean - Mapping filter: 'hiddenHttpMethodFilter' to: [/*]
2018-05-02 09:56:39.879 [localhost-startStop-1] INFO  o.s.boot.web.servlet.FilterRegistrationBean - Mapping filter: 'httpPutFormContentFilter' to: [/*]
2018-05-02 09:56:39.879 [localhost-startStop-1] INFO  o.s.boot.web.servlet.FilterRegistrationBean - Mapping filter: 'requestContextFilter' to: [/*]
2018-05-02 09:56:40.575 [restartedMain] INFO  o.s.w.s.m.m.a.RequestMappingHandlerAdapter - Looking for @ControllerAdvice: org.springframework.boot.web.servlet.context.AnnotationConfigServletWebServerApplicationContext@3e44bfa1: startup date [Wed May 02 09:56:38 CST 2018]; root of context hierarchy
2018-05-02 09:56:40.607 [restartedMain] INFO  o.s.w.s.m.m.a.RequestMappingHandlerMapping - Mapped "{[/article/addArticle],methods=[POST]}" onto public java.lang.String com.alex.controller.ArticleController.addArticle(com.alex.entity.vo.ArticleVO,javax.servlet.http.HttpServletRequest)
2018-05-02 09:56:40.622 [restartedMain] INFO  o.s.w.s.m.m.a.RequestMappingHandlerMapping - Mapped "{[/editArticle],methods=[GET]}" onto public java.lang.String com.alex.controller.IndexController.editArticle()
2018-05-02 09:56:40.622 [restartedMain] INFO  o.s.w.s.m.m.a.RequestMappingHandlerMapping - Mapped "{[/index],methods=[GET]}" onto public com.alex.entity.vo.ResultVO<java.util.List<com.alex.entity.vo.ArticleVO>> com.alex.controller.IndexController.getHomeHtml(org.springframework.ui.Model,javax.servlet.http.HttpServletRequest,java.lang.Integer)
2018-05-02 09:56:40.622 [restartedMain] INFO  o.s.w.s.m.m.a.RequestMappingHandlerMapping - Mapped "{[/detail],methods=[GET]}" onto public org.springframework.web.servlet.ModelAndView com.alex.controller.IndexController.getDetail()
2018-05-02 09:56:40.622 [restartedMain] INFO  o.s.w.s.m.m.a.RequestMappingHandlerMapping - Mapped "{[/home],methods=[GET]}" onto public java.lang.String com.alex.controller.IndexController.getHomeHtml2()
2018-05-02 09:56:40.622 [restartedMain] INFO  o.s.w.s.m.m.a.RequestMappingHandlerMapping - Mapped "{[/user/login],methods=[POST]}" onto public java.lang.String com.alex.controller.LoginController.login(com.alex.entity.User,javax.servlet.http.HttpServletRequest)
2018-05-02 09:56:40.622 [restartedMain] INFO  o.s.w.s.m.m.a.RequestMappingHandlerMapping - Mapped "{[/user/index],methods=[GET]}" onto public java.lang.String com.alex.controller.LoginController.getLogin()
2018-05-02 09:56:40.622 [restartedMain] INFO  o.s.w.s.m.m.a.RequestMappingHandlerMapping - Mapped "{[/error]}" onto public org.springframework.http.ResponseEntity<java.util.Map<java.lang.String, java.lang.Object>> org.springframework.boot.autoconfigure.web.servlet.error.BasicErrorController.error(javax.servlet.http.HttpServletRequest)
2018-05-02 09:56:40.622 [restartedMain] INFO  o.s.w.s.m.m.a.RequestMappingHandlerMapping - Mapped "{[/error],produces=[text/html]}" onto public org.springframework.web.servlet.ModelAndView org.springframework.boot.autoconfigure.web.servlet.error.BasicErrorController.errorHtml(javax.servlet.http.HttpServletRequest,javax.servlet.http.HttpServletResponse)
2018-05-02 09:56:40.653 [restartedMain] INFO  o.s.web.servlet.handler.SimpleUrlHandlerMapping - Mapped URL path [/webjars/**] onto handler of type [class org.springframework.web.servlet.resource.ResourceHttpRequestHandler]
2018-05-02 09:56:40.653 [restartedMain] INFO  o.s.web.servlet.handler.SimpleUrlHandlerMapping - Mapped URL path [/**] onto handler of type [class org.springframework.web.servlet.resource.ResourceHttpRequestHandler]
2018-05-02 09:56:40.669 [restartedMain] INFO  o.s.web.servlet.handler.SimpleUrlHandlerMapping - Mapped URL path [/**/favicon.ico] onto handler of type [class org.springframework.web.servlet.resource.ResourceHttpRequestHandler]
2018-05-02 09:56:40.700 [restartedMain] WARN  org.thymeleaf.templatemode.TemplateMode - [THYMELEAF][restartedMain] Template Mode 'HTML5' is deprecated. Using Template Mode 'HTML' instead.
2018-05-02 09:56:41.099 [restartedMain] INFO  o.s.b.d.autoconfigure.OptionalLiveReloadServer - LiveReload server is running on port 35729
2018-05-02 09:56:41.146 [restartedMain] INFO  o.s.jmx.export.annotation.AnnotationMBeanExporter - Registering beans for JMX exposure on startup
2018-05-02 09:56:41.161 [restartedMain] INFO  o.s.jmx.export.annotation.AnnotationMBeanExporter - Bean with name 'dataSource' has been autodetected for JMX exposure
2018-05-02 09:56:41.161 [restartedMain] INFO  o.s.jmx.export.annotation.AnnotationMBeanExporter - Located MBean 'dataSource': registering with JMX server as MBean [com.alibaba.druid.pool:name=dataSource,type=DruidDataSource]
2018-05-02 09:56:41.161 [restartedMain] INFO  org.apache.coyote.http11.Http11NioProtocol - Starting ProtocolHandler ["http-nio-9889"]
2018-05-02 09:56:41.177 [restartedMain] INFO  org.apache.tomcat.util.net.NioSelectorPool - Using a shared selector for servlet write/read
2018-05-02 09:56:41.177 [restartedMain] INFO  o.s.boot.web.embedded.tomcat.TomcatWebServer - Tomcat started on port(s): 9889 (http) with context path ''
2018-05-02 09:56:41.177 [restartedMain] INFO  com.alex.BlogApplication - Started BlogApplication in 2.961 seconds (JVM running for 3.707)
2018-05-02 09:58:09.788 [http-nio-9889-exec-1] INFO  o.a.c.core.ContainerBase.[Tomcat].[localhost].[/] - Initializing Spring FrameworkServlet 'dispatcherServlet'
2018-05-02 09:58:09.788 [http-nio-9889-exec-1] INFO  org.springframework.web.servlet.DispatcherServlet - FrameworkServlet 'dispatcherServlet': initialization started
2018-05-02 09:58:09.806 [http-nio-9889-exec-1] INFO  org.springframework.web.servlet.DispatcherServlet - FrameworkServlet 'dispatcherServlet': initialization completed in 18 ms
2018-05-02 09:58:10.263 [http-nio-9889-exec-2] INFO  com.alibaba.druid.pool.DruidDataSource - {dataSource-1} inited
