2018-05-03 00:04:02.332 [restartedMain] INFO  com.alex.BlogApplication - Starting BlogApplication on DESKTOP-E450E76 with PID 10856 (C:\Users\iside\Desktop\Blog\blog-before\target\classes started by iside in C:\Users\iside\Desktop\Blog)
2018-05-03 00:04:02.336 [restartedMain] INFO  com.alex.BlogApplication - No active profile set, falling back to default profiles: default
2018-05-03 00:04:02.413 [restartedMain] INFO  o.s.b.w.s.c.AnnotationConfigServletWebServerApplicationContext - Refreshing org.springframework.boot.web.servlet.context.AnnotationConfigServletWebServerApplicationContext@5987b2d4: startup date [Thu May 03 00:04:02 CST 2018]; root of context hierarchy
2018-05-03 00:04:03.545 [restartedMain] INFO  o.s.d.r.config.RepositoryConfigurationDelegate - Multiple Spring Data modules found, entering strict repository configuration mode!
2018-05-03 00:04:04.043 [restartedMain] INFO  o.s.c.s.PostProcessorRegistrationDelegate$BeanPostProcessorChecker - Bean 'org.springframework.transaction.annotation.ProxyTransactionManagementConfiguration' of type [org.springframework.transaction.annotation.ProxyTransactionManagementConfiguration$$EnhancerBySpringCGLIB$$f0381ca2] is not eligible for getting processed by all BeanPostProcessors (for example: not eligible for auto-proxying)
2018-05-03 00:04:04.465 [restartedMain] INFO  o.s.boot.web.embedded.tomcat.TomcatWebServer - Tomcat initialized with port(s): 9889 (http)
2018-05-03 00:04:04.480 [restartedMain] INFO  org.apache.coyote.http11.Http11NioProtocol - Initializing ProtocolHandler ["http-nio-9889"]
2018-05-03 00:04:04.490 [restartedMain] INFO  org.apache.catalina.core.StandardService - Starting service [Tomcat]
2018-05-03 00:04:04.492 [restartedMain] INFO  org.apache.catalina.core.StandardEngine - Starting Servlet Engine: Apache Tomcat/8.5.28
2018-05-03 00:04:04.495 [localhost-startStop-1] INFO  org.apache.catalina.core.AprLifecycleListener - The APR based Apache Tomcat Native library which allows optimal performance in production environments was not found on the java.library.path: [C:\develop\Java\jdk1.8.0_144\bin;C:\Windows\Sun\Java\bin;C:\Windows\system32;C:\Windows;C:\Program Files\MySQL\MySQL Server 5.6\bin;C:\develop\apache-maven-3.5.2\bin;C:\develop\Java\jdk1.8.0_144\bin;SystemRoot%\system32;C:\Windows;C:\Windows\System32\Wbem;C:\Windows\System32\WindowsPowerShell\v1.0\;C:\Program Files\nodejs\;d:\Git\cmd;C:\Users\iside\AppData\Local\Microsoft\WindowsApps;C:\Users\iside\AppData\Roaming\npm;D:\DriverGenius;D:\DriverGenius\ksoft;.]
2018-05-03 00:04:04.616 [localhost-startStop-1] INFO  o.a.c.core.ContainerBase.[Tomcat].[localhost].[/] - Initializing Spring embedded WebApplicationContext
2018-05-03 00:04:04.617 [localhost-startStop-1] INFO  org.springframework.web.context.ContextLoader - Root WebApplicationContext: initialization completed in 2204 ms
2018-05-03 00:04:04.828 [localhost-startStop-1] INFO  o.s.boot.web.servlet.ServletRegistrationBean - Servlet dispatcherServlet mapped to [/]
2018-05-03 00:04:04.837 [localhost-startStop-1] INFO  o.s.boot.web.servlet.FilterRegistrationBean - Mapping filter: 'characterEncodingFilter' to: [/*]
2018-05-03 00:04:04.838 [localhost-startStop-1] INFO  o.s.boot.web.servlet.FilterRegistrationBean - Mapping filter: 'hiddenHttpMethodFilter' to: [/*]
2018-05-03 00:04:04.838 [localhost-startStop-1] INFO  o.s.boot.web.servlet.FilterRegistrationBean - Mapping filter: 'httpPutFormContentFilter' to: [/*]
2018-05-03 00:04:04.840 [localhost-startStop-1] INFO  o.s.boot.web.servlet.FilterRegistrationBean - Mapping filter: 'requestContextFilter' to: [/*]
2018-05-03 00:04:05.970 [restartedMain] INFO  o.s.w.s.m.m.a.RequestMappingHandlerAdapter - Looking for @ControllerAdvice: org.springframework.boot.web.servlet.context.AnnotationConfigServletWebServerApplicationContext@5987b2d4: startup date [Thu May 03 00:04:02 CST 2018]; root of context hierarchy
2018-05-03 00:04:06.037 [restartedMain] INFO  o.s.w.s.m.m.a.RequestMappingHandlerMapping - Mapped "{[/article/articleContent]}" onto public java.lang.String com.alex.controller.ArticleController.articleContent(java.lang.String,org.springframework.ui.Model)
2018-05-03 00:04:06.038 [restartedMain] INFO  o.s.w.s.m.m.a.RequestMappingHandlerMapping - Mapped "{[/article/addArticle],methods=[POST]}" onto public java.lang.String com.alex.controller.ArticleController.addArticle(com.alex.entity.vo.ArticleVO,javax.servlet.http.HttpServletRequest)
2018-05-03 00:04:06.041 [restartedMain] INFO  o.s.w.s.m.m.a.RequestMappingHandlerMapping - Mapped "{[/home],methods=[GET]}" onto public java.lang.String com.alex.controller.IndexController.getHomeHtml2()
2018-05-03 00:04:06.041 [restartedMain] INFO  o.s.w.s.m.m.a.RequestMappingHandlerMapping - Mapped "{[/index],methods=[GET]}" onto public com.alex.entity.vo.ResultVO<java.util.List<com.alex.entity.vo.ArticleVO>> com.alex.controller.IndexController.getHomeHtml(org.springframework.ui.Model,javax.servlet.http.HttpServletRequest,java.lang.Integer)
2018-05-03 00:04:06.041 [restartedMain] INFO  o.s.w.s.m.m.a.RequestMappingHandlerMapping - Mapped "{[/editArticle],methods=[GET]}" onto public java.lang.String com.alex.controller.IndexController.editArticle()
2018-05-03 00:04:06.041 [restartedMain] INFO  o.s.w.s.m.m.a.RequestMappingHandlerMapping - Mapped "{[/detail],methods=[GET]}" onto public org.springframework.web.servlet.ModelAndView com.alex.controller.IndexController.getDetail()
2018-05-03 00:04:06.043 [restartedMain] INFO  o.s.w.s.m.m.a.RequestMappingHandlerMapping - Mapped "{[/user/login],methods=[POST]}" onto public java.lang.String com.alex.controller.LoginController.login(com.alex.entity.User,javax.servlet.http.HttpServletRequest)
2018-05-03 00:04:06.044 [restartedMain] INFO  o.s.w.s.m.m.a.RequestMappingHandlerMapping - Mapped "{[/user/index],methods=[GET]}" onto public java.lang.String com.alex.controller.LoginController.getLogin()
2018-05-03 00:04:06.047 [restartedMain] INFO  o.s.w.s.m.m.a.RequestMappingHandlerMapping - Mapped "{[/error]}" onto public org.springframework.http.ResponseEntity<java.util.Map<java.lang.String, java.lang.Object>> org.springframework.boot.autoconfigure.web.servlet.error.BasicErrorController.error(javax.servlet.http.HttpServletRequest)
2018-05-03 00:04:06.048 [restartedMain] INFO  o.s.w.s.m.m.a.RequestMappingHandlerMapping - Mapped "{[/error],produces=[text/html]}" onto public org.springframework.web.servlet.ModelAndView org.springframework.boot.autoconfigure.web.servlet.error.BasicErrorController.errorHtml(javax.servlet.http.HttpServletRequest,javax.servlet.http.HttpServletResponse)
2018-05-03 00:04:06.090 [restartedMain] INFO  o.s.web.servlet.handler.SimpleUrlHandlerMapping - Mapped URL path [/webjars/**] onto handler of type [class org.springframework.web.servlet.resource.ResourceHttpRequestHandler]
2018-05-03 00:04:06.091 [restartedMain] INFO  o.s.web.servlet.handler.SimpleUrlHandlerMapping - Mapped URL path [/**] onto handler of type [class org.springframework.web.servlet.resource.ResourceHttpRequestHandler]
2018-05-03 00:04:06.135 [restartedMain] INFO  o.s.web.servlet.handler.SimpleUrlHandlerMapping - Mapped URL path [/**/favicon.ico] onto handler of type [class org.springframework.web.servlet.resource.ResourceHttpRequestHandler]
2018-05-03 00:04:06.191 [restartedMain] WARN  org.thymeleaf.templatemode.TemplateMode - [THYMELEAF][restartedMain] Template Mode 'HTML5' is deprecated. Using Template Mode 'HTML' instead.
2018-05-03 00:04:07.268 [restartedMain] INFO  o.s.b.d.autoconfigure.OptionalLiveReloadServer - LiveReload server is running on port 35729
2018-05-03 00:04:07.346 [restartedMain] INFO  o.s.jmx.export.annotation.AnnotationMBeanExporter - Registering beans for JMX exposure on startup
2018-05-03 00:04:07.348 [restartedMain] INFO  o.s.jmx.export.annotation.AnnotationMBeanExporter - Bean with name 'dataSource' has been autodetected for JMX exposure
2018-05-03 00:04:07.353 [restartedMain] INFO  o.s.jmx.export.annotation.AnnotationMBeanExporter - Located MBean 'dataSource': registering with JMX server as MBean [com.alibaba.druid.pool:name=dataSource,type=DruidDataSource]
2018-05-03 00:04:07.367 [restartedMain] INFO  org.apache.coyote.http11.Http11NioProtocol - Starting ProtocolHandler ["http-nio-9889"]
2018-05-03 00:04:07.378 [restartedMain] INFO  org.apache.tomcat.util.net.NioSelectorPool - Using a shared selector for servlet write/read
2018-05-03 00:04:07.396 [restartedMain] INFO  o.s.boot.web.embedded.tomcat.TomcatWebServer - Tomcat started on port(s): 9889 (http) with context path ''
2018-05-03 00:04:07.401 [restartedMain] INFO  com.alex.BlogApplication - Started BlogApplication in 5.46 seconds (JVM running for 9.419)
2018-05-03 00:05:01.964 [http-nio-9889-exec-1] INFO  o.a.c.core.ContainerBase.[Tomcat].[localhost].[/] - Initializing Spring FrameworkServlet 'dispatcherServlet'
2018-05-03 00:05:01.965 [http-nio-9889-exec-1] INFO  org.springframework.web.servlet.DispatcherServlet - FrameworkServlet 'dispatcherServlet': initialization started
2018-05-03 00:05:01.993 [http-nio-9889-exec-1] INFO  org.springframework.web.servlet.DispatcherServlet - FrameworkServlet 'dispatcherServlet': initialization completed in 28 ms
2018-05-03 00:05:02.709 [http-nio-9889-exec-3] INFO  com.alibaba.druid.pool.DruidDataSource - {dataSource-1} inited
2018-05-03 00:09:21.623 [restartedMain] INFO  com.alex.BlogApplication - Starting BlogApplication on DESKTOP-E450E76 with PID 1736 (C:\Users\iside\Desktop\Blog\blog-before\target\classes started by iside in C:\Users\iside\Desktop\Blog)
2018-05-03 00:09:21.626 [restartedMain] INFO  com.alex.BlogApplication - No active profile set, falling back to default profiles: default
2018-05-03 00:09:21.679 [restartedMain] INFO  o.s.b.w.s.c.AnnotationConfigServletWebServerApplicationContext - Refreshing org.springframework.boot.web.servlet.context.AnnotationConfigServletWebServerApplicationContext@97fd5cc: startup date [Thu May 03 00:09:21 CST 2018]; root of context hierarchy
2018-05-03 00:09:22.765 [restartedMain] INFO  o.s.d.r.config.RepositoryConfigurationDelegate - Multiple Spring Data modules found, entering strict repository configuration mode!
2018-05-03 00:09:23.268 [restartedMain] INFO  o.s.c.s.PostProcessorRegistrationDelegate$BeanPostProcessorChecker - Bean 'org.springframework.transaction.annotation.ProxyTransactionManagementConfiguration' of type [org.springframework.transaction.annotation.ProxyTransactionManagementConfiguration$$EnhancerBySpringCGLIB$$a600c1ff] is not eligible for getting processed by all BeanPostProcessors (for example: not eligible for auto-proxying)
2018-05-03 00:09:23.678 [restartedMain] INFO  o.s.boot.web.embedded.tomcat.TomcatWebServer - Tomcat initialized with port(s): 9889 (http)
2018-05-03 00:09:23.694 [restartedMain] INFO  org.apache.coyote.http11.Http11NioProtocol - Initializing ProtocolHandler ["http-nio-9889"]
2018-05-03 00:09:23.706 [restartedMain] INFO  org.apache.catalina.core.StandardService - Starting service [Tomcat]
2018-05-03 00:09:23.707 [restartedMain] INFO  org.apache.catalina.core.StandardEngine - Starting Servlet Engine: Apache Tomcat/8.5.28
2018-05-03 00:09:23.710 [localhost-startStop-1] INFO  org.apache.catalina.core.AprLifecycleListener - The APR based Apache Tomcat Native library which allows optimal performance in production environments was not found on the java.library.path: [C:\develop\Java\jdk1.8.0_144\bin;C:\Windows\Sun\Java\bin;C:\Windows\system32;C:\Windows;C:\Program Files\MySQL\MySQL Server 5.6\bin;C:\develop\apache-maven-3.5.2\bin;C:\develop\Java\jdk1.8.0_144\bin;SystemRoot%\system32;C:\Windows;C:\Windows\System32\Wbem;C:\Windows\System32\WindowsPowerShell\v1.0\;C:\Program Files\nodejs\;d:\Git\cmd;C:\Users\iside\AppData\Local\Microsoft\WindowsApps;C:\Users\iside\AppData\Roaming\npm;D:\DriverGenius;D:\DriverGenius\ksoft;.]
2018-05-03 00:09:23.840 [localhost-startStop-1] INFO  o.a.c.core.ContainerBase.[Tomcat].[localhost].[/] - Initializing Spring embedded WebApplicationContext
2018-05-03 00:09:23.841 [localhost-startStop-1] INFO  org.springframework.web.context.ContextLoader - Root WebApplicationContext: initialization completed in 2162 ms
2018-05-03 00:09:24.022 [localhost-startStop-1] INFO  o.s.boot.web.servlet.ServletRegistrationBean - Servlet dispatcherServlet mapped to [/]
2018-05-03 00:09:24.028 [localhost-startStop-1] INFO  o.s.boot.web.servlet.FilterRegistrationBean - Mapping filter: 'characterEncodingFilter' to: [/*]
2018-05-03 00:09:24.029 [localhost-startStop-1] INFO  o.s.boot.web.servlet.FilterRegistrationBean - Mapping filter: 'hiddenHttpMethodFilter' to: [/*]
2018-05-03 00:09:24.029 [localhost-startStop-1] INFO  o.s.boot.web.servlet.FilterRegistrationBean - Mapping filter: 'httpPutFormContentFilter' to: [/*]
2018-05-03 00:09:24.030 [localhost-startStop-1] INFO  o.s.boot.web.servlet.FilterRegistrationBean - Mapping filter: 'requestContextFilter' to: [/*]
2018-05-03 00:09:25.182 [restartedMain] INFO  o.s.w.s.m.m.a.RequestMappingHandlerAdapter - Looking for @ControllerAdvice: org.springframework.boot.web.servlet.context.AnnotationConfigServletWebServerApplicationContext@97fd5cc: startup date [Thu May 03 00:09:21 CST 2018]; root of context hierarchy
2018-05-03 00:09:25.254 [restartedMain] INFO  o.s.w.s.m.m.a.RequestMappingHandlerMapping - Mapped "{[/article/addArticle],methods=[POST]}" onto public java.lang.String com.alex.controller.ArticleController.addArticle(com.alex.entity.vo.ArticleVO,javax.servlet.http.HttpServletRequest)
2018-05-03 00:09:25.256 [restartedMain] INFO  o.s.w.s.m.m.a.RequestMappingHandlerMapping - Mapped "{[/article/articleContent]}" onto public java.lang.String com.alex.controller.ArticleController.articleContent(java.lang.String,org.springframework.ui.Model)
2018-05-03 00:09:25.259 [restartedMain] INFO  o.s.w.s.m.m.a.RequestMappingHandlerMapping - Mapped "{[/detail],methods=[GET]}" onto public org.springframework.web.servlet.ModelAndView com.alex.controller.IndexController.getDetail()
2018-05-03 00:09:25.260 [restartedMain] INFO  o.s.w.s.m.m.a.RequestMappingHandlerMapping - Mapped "{[/editArticle],methods=[GET]}" onto public java.lang.String com.alex.controller.IndexController.editArticle()
2018-05-03 00:09:25.260 [restartedMain] INFO  o.s.w.s.m.m.a.RequestMappingHandlerMapping - Mapped "{[/index],methods=[GET]}" onto public com.alex.entity.vo.ResultVO<java.util.List<com.alex.entity.vo.ArticleVO>> com.alex.controller.IndexController.getHomeHtml(org.springframework.ui.Model,javax.servlet.http.HttpServletRequest,java.lang.Integer)
2018-05-03 00:09:25.261 [restartedMain] INFO  o.s.w.s.m.m.a.RequestMappingHandlerMapping - Mapped "{[/home],methods=[GET]}" onto public java.lang.String com.alex.controller.IndexController.getHomeHtml2()
2018-05-03 00:09:25.262 [restartedMain] INFO  o.s.w.s.m.m.a.RequestMappingHandlerMapping - Mapped "{[/user/index],methods=[GET]}" onto public java.lang.String com.alex.controller.LoginController.getLogin()
2018-05-03 00:09:25.263 [restartedMain] INFO  o.s.w.s.m.m.a.RequestMappingHandlerMapping - Mapped "{[/user/login],methods=[POST]}" onto public java.lang.String com.alex.controller.LoginController.login(com.alex.entity.User,javax.servlet.http.HttpServletRequest)
2018-05-03 00:09:25.266 [restartedMain] INFO  o.s.w.s.m.m.a.RequestMappingHandlerMapping - Mapped "{[/error]}" onto public org.springframework.http.ResponseEntity<java.util.Map<java.lang.String, java.lang.Object>> org.springframework.boot.autoconfigure.web.servlet.error.BasicErrorController.error(javax.servlet.http.HttpServletRequest)
2018-05-03 00:09:25.267 [restartedMain] INFO  o.s.w.s.m.m.a.RequestMappingHandlerMapping - Mapped "{[/error],produces=[text/html]}" onto public org.springframework.web.servlet.ModelAndView org.springframework.boot.autoconfigure.web.servlet.error.BasicErrorController.errorHtml(javax.servlet.http.HttpServletRequest,javax.servlet.http.HttpServletResponse)
2018-05-03 00:09:25.315 [restartedMain] INFO  o.s.web.servlet.handler.SimpleUrlHandlerMapping - Mapped URL path [/webjars/**] onto handler of type [class org.springframework.web.servlet.resource.ResourceHttpRequestHandler]
2018-05-03 00:09:25.315 [restartedMain] INFO  o.s.web.servlet.handler.SimpleUrlHandlerMapping - Mapped URL path [/**] onto handler of type [class org.springframework.web.servlet.resource.ResourceHttpRequestHandler]
2018-05-03 00:09:25.364 [restartedMain] INFO  o.s.web.servlet.handler.SimpleUrlHandlerMapping - Mapped URL path [/**/favicon.ico] onto handler of type [class org.springframework.web.servlet.resource.ResourceHttpRequestHandler]
2018-05-03 00:09:25.410 [restartedMain] WARN  org.thymeleaf.templatemode.TemplateMode - [THYMELEAF][restartedMain] Template Mode 'HTML5' is deprecated. Using Template Mode 'HTML' instead.
2018-05-03 00:09:26.537 [restartedMain] INFO  o.s.b.d.autoconfigure.OptionalLiveReloadServer - LiveReload server is running on port 35729
2018-05-03 00:09:26.607 [restartedMain] INFO  o.s.jmx.export.annotation.AnnotationMBeanExporter - Registering beans for JMX exposure on startup
2018-05-03 00:09:26.608 [restartedMain] INFO  o.s.jmx.export.annotation.AnnotationMBeanExporter - Bean with name 'dataSource' has been autodetected for JMX exposure
2018-05-03 00:09:26.615 [restartedMain] INFO  o.s.jmx.export.annotation.AnnotationMBeanExporter - Located MBean 'dataSource': registering with JMX server as MBean [com.alibaba.druid.pool:name=dataSource,type=DruidDataSource]
2018-05-03 00:09:26.629 [restartedMain] INFO  org.apache.coyote.http11.Http11NioProtocol - Starting ProtocolHandler ["http-nio-9889"]
2018-05-03 00:09:26.640 [restartedMain] INFO  org.apache.tomcat.util.net.NioSelectorPool - Using a shared selector for servlet write/read
2018-05-03 00:09:26.660 [restartedMain] INFO  o.s.boot.web.embedded.tomcat.TomcatWebServer - Tomcat started on port(s): 9889 (http) with context path ''
2018-05-03 00:09:26.665 [restartedMain] INFO  com.alex.BlogApplication - Started BlogApplication in 5.635 seconds (JVM running for 6.735)
2018-05-03 00:09:38.505 [http-nio-9889-exec-1] INFO  o.a.c.core.ContainerBase.[Tomcat].[localhost].[/] - Initializing Spring FrameworkServlet 'dispatcherServlet'
2018-05-03 00:09:38.507 [http-nio-9889-exec-1] INFO  org.springframework.web.servlet.DispatcherServlet - FrameworkServlet 'dispatcherServlet': initialization started
2018-05-03 00:09:38.536 [http-nio-9889-exec-1] INFO  org.springframework.web.servlet.DispatcherServlet - FrameworkServlet 'dispatcherServlet': initialization completed in 28 ms
2018-05-03 00:09:39.120 [http-nio-9889-exec-2] INFO  com.alibaba.druid.pool.DruidDataSource - {dataSource-1} inited
